<?xml version="1.0" encoding="UTF-8"?>
<robot generator="Robot 3.2.1 (Python 3.8.3 on win32)" generated="20200713 16:15:13.888" rpa="false">
<suite id="s1" name="Robotframework" source="C:\Users\rajak\RobotFramework\Robotframework">
<suite id="s1-s1" name="TestCases" source="C:\Users\rajak\RobotFramework\Robotframework\TestCases">
<suite id="s1-s1-s1" name="TestSuite8" source="C:\Users\rajak\RobotFramework\Robotframework\TestCases\TestSuite8.robot">
<test id="s1-s1-s1-t1" name="Handling the frames">
<kw name="Open Browser" library="SeleniumLibrary">
<doc>Opens a new browser instance to the optional ``url``.</doc>
<arguments>
<arg>https://www.selenium.dev/selenium/docs/api/java/index</arg>
<arg>chrome</arg>
</arguments>
<msg timestamp="20200713 16:15:14.342" level="INFO">Opening browser 'chrome' to base url 'https://www.selenium.dev/selenium/docs/api/java/index'.</msg>
<status status="PASS" starttime="20200713 16:15:14.341" endtime="20200713 16:15:20.526"></status>
</kw>
<kw name="Select Frame" library="SeleniumLibrary">
<doc>Sets frame identified by ``locator`` as the current frame.</doc>
<arguments>
<arg>packageListFrame</arg>
</arguments>
<msg timestamp="20200713 16:15:20.530" level="INFO">Selecting frame 'packageListFrame'.</msg>
<status status="PASS" starttime="20200713 16:15:20.526" endtime="20200713 16:15:20.588"></status>
</kw>
<kw name="Click Link" library="SeleniumLibrary">
<doc>Clicks a link identified by ``locator``.</doc>
<arguments>
<arg>org.openqa.selenium</arg>
</arguments>
<msg timestamp="20200713 16:15:20.589" level="INFO">Clicking link 'org.openqa.selenium'.</msg>
<status status="PASS" starttime="20200713 16:15:20.589" endtime="20200713 16:15:20.701"></status>
</kw>
<kw name="Unselect Frame" library="SeleniumLibrary">
<doc>Sets the main frame as the current frame.</doc>
<status status="PASS" starttime="20200713 16:15:20.702" endtime="20200713 16:15:20.707"></status>
</kw>
<kw name="Sleep" library="BuiltIn">
<doc>Pauses the test executed for the given time.</doc>
<arguments>
<arg>3</arg>
</arguments>
<msg timestamp="20200713 16:15:23.710" level="INFO">Slept 3 seconds</msg>
<status status="PASS" starttime="20200713 16:15:20.708" endtime="20200713 16:15:23.710"></status>
</kw>
<kw name="Select Frame" library="SeleniumLibrary">
<doc>Sets frame identified by ``locator`` as the current frame.</doc>
<arguments>
<arg>packageFrame</arg>
</arguments>
<msg timestamp="20200713 16:15:23.712" level="INFO">Selecting frame 'packageFrame'.</msg>
<status status="PASS" starttime="20200713 16:15:23.711" endtime="20200713 16:15:23.744"></status>
</kw>
<kw name="Click Link" library="SeleniumLibrary">
<doc>Clicks a link identified by ``locator``.</doc>
<arguments>
<arg>WebDriver</arg>
</arguments>
<msg timestamp="20200713 16:15:23.744" level="INFO">Clicking link 'WebDriver'.</msg>
<status status="PASS" starttime="20200713 16:15:23.744" endtime="20200713 16:15:23.831"></status>
</kw>
<kw name="Unselect Frame" library="SeleniumLibrary">
<doc>Sets the main frame as the current frame.</doc>
<status status="PASS" starttime="20200713 16:15:23.832" endtime="20200713 16:15:23.837"></status>
</kw>
<kw name="Sleep" library="BuiltIn">
<doc>Pauses the test executed for the given time.</doc>
<arguments>
<arg>3</arg>
</arguments>
<msg timestamp="20200713 16:15:26.840" level="INFO">Slept 3 seconds</msg>
<status status="PASS" starttime="20200713 16:15:23.838" endtime="20200713 16:15:26.840"></status>
</kw>
<kw name="Select Frame" library="SeleniumLibrary">
<doc>Sets frame identified by ``locator`` as the current frame.</doc>
<arguments>
<arg>classFrame</arg>
</arguments>
<msg timestamp="20200713 16:15:26.842" level="INFO">Selecting frame 'classFrame'.</msg>
<status status="PASS" starttime="20200713 16:15:26.841" endtime="20200713 16:15:26.875"></status>
</kw>
<kw name="Click Link" library="SeleniumLibrary">
<doc>Clicks a link identified by ``locator``.</doc>
<arguments>
<arg>Help</arg>
</arguments>
<msg timestamp="20200713 16:15:26.876" level="INFO">Clicking link 'Help'.</msg>
<status status="PASS" starttime="20200713 16:15:26.876" endtime="20200713 16:15:27.565"></status>
</kw>
<kw name="Unselect Frame" library="SeleniumLibrary">
<doc>Sets the main frame as the current frame.</doc>
<status status="PASS" starttime="20200713 16:15:27.566" endtime="20200713 16:15:27.577"></status>
</kw>
<kw name="Close Browser" library="SeleniumLibrary">
<doc>Closes the current browser.</doc>
<status status="PASS" starttime="20200713 16:15:27.578" endtime="20200713 16:15:29.847"></status>
</kw>
<status status="PASS" starttime="20200713 16:15:14.340" endtime="20200713 16:15:29.848" critical="yes"></status>
</test>
<status status="PASS" starttime="20200713 16:15:13.989" endtime="20200713 16:15:29.849"></status>
</suite>
<status status="PASS" starttime="20200713 16:15:13.984" endtime="20200713 16:15:29.851"></status>
</suite>
<status status="PASS" starttime="20200713 16:15:13.963" endtime="20200713 16:15:29.853"></status>
</suite>
<statistics>
<total>
<stat pass="1" fail="0">Critical Tests</stat>
<stat pass="1" fail="0">All Tests</stat>
</total>
<tag>
</tag>
<suite>
<stat pass="1" fail="0" id="s1" name="Robotframework">Robotframework</stat>
<stat pass="1" fail="0" id="s1-s1" name="TestCases">Robotframework.TestCases</stat>
<stat pass="1" fail="0" id="s1-s1-s1" name="TestSuite8">Robotframework.TestCases.TestSuite8</stat>
</suite>
</statistics>
<errors>
</errors>
</robot>
