<?xml version="1.0" encoding="UTF-8"?>
<robot generator="Robot 3.2.1 (Python 3.8.3 on win32)" generated="20200629 18:04:06.932" rpa="false">
<suite id="s1" name="Robotframework" source="C:\Users\rajak\RobotFramework\Robotframework">
<suite id="s1-s1" name="TestCases" source="C:\Users\rajak\RobotFramework\Robotframework\TestCases">
<suite id="s1-s1-s1" name="TestSuite5" source="C:\Users\rajak\RobotFramework\Robotframework\TestCases\TestSuite5.robot">
<test id="s1-s1-s1-t1" name="Handling Waits">
<kw name="Get Selenium Implicit Wait" library="SeleniumLibrary">
<doc>Gets the implicit wait value used by Selenium.</doc>
<assign>
<var>${Current_Impwait}</var>
</assign>
<msg timestamp="20200629 18:04:07.265" level="INFO">${Current_Impwait} = 0 seconds</msg>
<status status="PASS" starttime="20200629 18:04:07.264" endtime="20200629 18:04:07.265"></status>
</kw>
<kw name="Log To Console" library="BuiltIn">
<doc>Logs the given message to the console.</doc>
<arguments>
<arg>Before: ${Current_Impwait}</arg>
</arguments>
<status status="PASS" starttime="20200629 18:04:07.265" endtime="20200629 18:04:07.266"></status>
</kw>
<kw name="Open Browser" library="SeleniumLibrary">
<doc>Opens a new browser instance to the optional ``url``.</doc>
<arguments>
<arg>${url}</arg>
<arg>${browser}</arg>
</arguments>
<msg timestamp="20200629 18:04:07.267" level="INFO">Opening browser 'chrome' to base url 'http://demowebshop.tricentis.com/register'.</msg>
<status status="PASS" starttime="20200629 18:04:07.267" endtime="20200629 18:04:44.013"></status>
</kw>
<kw name="Maximize Browser Window" library="SeleniumLibrary">
<doc>Maximizes current browser window.</doc>
<status status="PASS" starttime="20200629 18:04:44.014" endtime="20200629 18:04:44.151"></status>
</kw>
<kw name="Set Selenium Implicit Wait" library="SeleniumLibrary">
<doc>Sets the implicit wait value used by Selenium.</doc>
<arguments>
<arg>2 seconds</arg>
</arguments>
<status status="PASS" starttime="20200629 18:04:44.152" endtime="20200629 18:04:44.155"></status>
</kw>
<kw name="Wait Until Element Is Visible" library="SeleniumLibrary">
<doc>Waits until the element ``locator`` is visible.</doc>
<arguments>
<arg>name:register-button</arg>
</arguments>
<status status="PASS" starttime="20200629 18:04:44.156" endtime="20200629 18:04:44.226"></status>
</kw>
<kw name="Wait Until Element Is Enabled" library="SeleniumLibrary">
<doc>Waits until the element ``locator`` is enabled.</doc>
<arguments>
<arg>name:register-button</arg>
</arguments>
<status status="PASS" starttime="20200629 18:04:44.226" endtime="20200629 18:04:44.290"></status>
</kw>
<kw name="Select Radio Button" library="SeleniumLibrary">
<doc>Sets the radio button group ``group_name`` to ``value``.</doc>
<arguments>
<arg>Gender</arg>
<arg>F</arg>
</arguments>
<msg timestamp="20200629 18:04:44.292" level="INFO">Selecting 'F' from radio button 'Gender'.</msg>
<status status="PASS" starttime="20200629 18:04:44.291" endtime="20200629 18:04:44.408"></status>
</kw>
<kw name="Input Text" library="SeleniumLibrary">
<doc>Types the given ``text`` into the text field identified by ``locator``.</doc>
<arguments>
<arg>name:FirstName</arg>
<arg>Raji</arg>
</arguments>
<msg timestamp="20200629 18:04:44.410" level="INFO">Typing text 'Raji' into text field 'name:FirstName'.</msg>
<status status="PASS" starttime="20200629 18:04:44.409" endtime="20200629 18:04:44.558"></status>
</kw>
<kw name="Input Text" library="SeleniumLibrary">
<doc>Types the given ``text`` into the text field identified by ``locator``.</doc>
<arguments>
<arg>name:LastName</arg>
<arg>Kathir</arg>
</arguments>
<msg timestamp="20200629 18:04:44.560" level="INFO">Typing text 'Kathir' into text field 'name:LastName'.</msg>
<status status="PASS" starttime="20200629 18:04:44.559" endtime="20200629 18:04:44.684"></status>
</kw>
<kw name="Input Text" library="SeleniumLibrary">
<doc>Types the given ``text`` into the text field identified by ``locator``.</doc>
<arguments>
<arg>name:Email</arg>
<arg>Raji@gmail.com</arg>
</arguments>
<msg timestamp="20200629 18:04:44.685" level="INFO">Typing text 'Raji@gmail.com' into text field 'name:Email'.</msg>
<status status="PASS" starttime="20200629 18:04:44.685" endtime="20200629 18:04:44.836"></status>
</kw>
<kw name="Input Text" library="SeleniumLibrary">
<doc>Types the given ``text`` into the text field identified by ``locator``.</doc>
<arguments>
<arg>name:Password</arg>
<arg>Raji@123</arg>
</arguments>
<msg timestamp="20200629 18:04:44.837" level="INFO">Typing text 'Raji@123' into text field 'name:Password'.</msg>
<status status="PASS" starttime="20200629 18:04:44.836" endtime="20200629 18:04:44.958"></status>
</kw>
<kw name="Input Text" library="SeleniumLibrary">
<doc>Types the given ``text`` into the text field identified by ``locator``.</doc>
<arguments>
<arg>name:ConfirmPassword</arg>
<arg>Raji@123</arg>
</arguments>
<msg timestamp="20200629 18:04:44.959" level="INFO">Typing text 'Raji@123' into text field 'name:ConfirmPassword'.</msg>
<status status="PASS" starttime="20200629 18:04:44.958" endtime="20200629 18:04:45.107"></status>
</kw>
<kw name="Get Selenium Implicit Wait" library="SeleniumLibrary">
<doc>Gets the implicit wait value used by Selenium.</doc>
<assign>
<var>${Current_Impwait}</var>
</assign>
<msg timestamp="20200629 18:04:45.108" level="INFO">${Current_Impwait} = 2 seconds</msg>
<status status="PASS" starttime="20200629 18:04:45.107" endtime="20200629 18:04:45.108"></status>
</kw>
<kw name="Log To Console" library="BuiltIn">
<doc>Logs the given message to the console.</doc>
<arguments>
<arg>After: ${Current_Impwait}</arg>
</arguments>
<status status="PASS" starttime="20200629 18:04:45.109" endtime="20200629 18:04:45.110"></status>
</kw>
<status status="PASS" starttime="20200629 18:04:07.263" endtime="20200629 18:04:45.110" critical="yes"></status>
</test>
<status status="PASS" starttime="20200629 18:04:07.008" endtime="20200629 18:04:45.112"></status>
</suite>
<status status="PASS" starttime="20200629 18:04:07.004" endtime="20200629 18:04:45.116"></status>
</suite>
<status status="PASS" starttime="20200629 18:04:06.975" endtime="20200629 18:04:45.121"></status>
</suite>
<statistics>
<total>
<stat pass="1" fail="0">Critical Tests</stat>
<stat pass="1" fail="0">All Tests</stat>
</total>
<tag>
</tag>
<suite>
<stat pass="1" fail="0" id="s1" name="Robotframework">Robotframework</stat>
<stat pass="1" fail="0" id="s1-s1" name="TestCases">Robotframework.TestCases</stat>
<stat pass="1" fail="0" id="s1-s1-s1" name="TestSuite5">Robotframework.TestCases.TestSuite5</stat>
</suite>
</statistics>
<errors>
</errors>
</robot>
